{"C:\\Users\\ColeChamberlain\\noderaider\\redux-grid\\packages\\solvent\\lib\\index.js":{"path":"C:\\Users\\ColeChamberlain\\noderaider\\redux-grid\\packages\\solvent\\lib\\index.js","s":{"1":1,"2":1},"b":{"1":[6,0],"2":[6,6],"3":[2,1],"4":[3,1],"5":[1,0,0],"6":[0,1]},"f":{"1":6,"2":3,"3":1,"4":1,"5":1},"fnMap":{"1":{"name":"_interopRequireDefault","line":33,"loc":{"start":{"line":33,"column":0},"end":{"line":33,"column":37}}},"2":{"name":"solvent","line":42,"loc":{"start":{"line":42,"column":0},"end":{"line":42,"column":19}}},"3":{"name":"(anonymous_3)","line":46,"loc":{"start":{"line":46,"column":42},"end":{"line":46,"column":55}}},"4":{"name":"(anonymous_4)","line":50,"loc":{"start":{"line":50,"column":9},"end":{"line":50,"column":24}}},"5":{"name":"(anonymous_5)","line":51,"loc":{"start":{"line":51,"column":48},"end":{"line":51,"column":67}}}},"statementMap":{"1":{"start":{"line":33,"column":0},"end":{"line":33,"column":95}},"2":{"start":{"line":42,"column":0},"end":{"line":59,"column":1}}},"branchMap":{"1":{"line":33,"type":"cond-expr","locations":[{"start":{"line":33,"column":70},"end":{"line":33,"column":46}},{"start":{"line":33,"column":76},"end":{"line":33,"column":39}}]},"2":{"line":33,"type":"binary-expr","locations":[{"start":{"line":33,"column":46},"end":{"line":33,"column":52}},{"start":{"line":33,"column":53},"end":{"line":33,"column":46}}]},"3":{"line":43,"type":"cond-expr","locations":[{"start":{"line":43,"column":71},"end":{"line":43,"column":17}},{"start":{"line":43,"column":76},"end":{"line":43,"column":2}}]},"4":{"line":43,"type":"binary-expr","locations":[{"start":{"line":43,"column":17},"end":{"line":43,"column":16}},{"start":{"line":43,"column":42},"end":{"line":43,"column":17}}]},"5":{"line":47,"type":"binary-expr","locations":[{"start":{"line":47,"column":11},"end":{"line":47,"column":87}},{"start":{"line":47,"column":88},"end":{"line":47,"column":11}},{"start":{"line":47,"column":170},"end":{"line":47,"column":4}}]},"6":{"line":55,"type":"cond-expr","locations":[{"start":{"line":55,"column":199},"end":{"line":55,"column":170}},{"start":{"line":55,"column":213},"end":{"line":55,"column":35}}]}}}}