{"C:\\Users\\ColeChamberlain\\noderaider\\redux-grid\\packages\\redux-devtools-grid-monitor\\lib\\index.js":{"path":"C:\\Users\\ColeChamberlain\\noderaider\\redux-grid\\packages\\redux-devtools-grid-monitor\\lib\\index.js","s":{"1":1},"b":{"1":[0,0],"2":[0,0]},"f":{"1":0},"fnMap":{"1":{"name":"_interopRequireDefault","line":12,"loc":{"start":{"line":12,"column":0},"end":{"line":12,"column":37}}}},"statementMap":{"1":{"start":{"line":12,"column":0},"end":{"line":12,"column":95}}},"branchMap":{"1":{"line":12,"type":"cond-expr","locations":[{"start":{"line":12,"column":70},"end":{"line":12,"column":46}},{"start":{"line":12,"column":76},"end":{"line":12,"column":39}}]},"2":{"line":12,"type":"binary-expr","locations":[{"start":{"line":12,"column":46},"end":{"line":12,"column":52}},{"start":{"line":12,"column":53},"end":{"line":12,"column":46}}]}}},"C:\\Users\\ColeChamberlain\\noderaider\\redux-grid\\packages\\redux-devtools-grid-monitor\\lib\\GridMonitor.js":{"path":"C:\\Users\\ColeChamberlain\\noderaider\\redux-grid\\packages\\redux-devtools-grid-monitor\\lib\\GridMonitor.js","s":{"1":0,"2":0,"3":0,"4":0,"5":1,"6":0,"7":0,"8":0,"9":0,"10":0,"11":0,"12":0,"13":0,"14":0,"15":0,"16":1,"17":0,"18":0,"19":0,"20":0,"21":0,"22":0,"23":1,"24":1,"25":0,"26":1,"27":0,"28":1,"29":0,"30":0,"31":0,"32":1,"33":0,"34":0,"35":0,"36":0,"37":0,"38":0,"39":0,"40":0,"41":0,"42":0},"b":{"1":[1,0],"2":[0,0],"3":[0,0],"4":[0,0],"5":[0,0],"6":[0,0],"7":[0,0],"8":[0,0],"9":[0,0],"10":[0,0],"11":[0,0],"12":[0,0],"13":[0,0],"14":[0,0],"15":[0,0],"16":[0,0,0],"17":[0,0],"18":[0,0],"19":[0,0],"20":[0,0],"21":[0,0],"22":[0,0],"23":[0,0],"24":[0,0],"25":[0,0],"26":[0,0],"27":[0,0],"28":[0,0],"29":[0,0],"30":[0,0],"31":[0,0],"32":[0,0],"33":[0,0],"34":[0,0],"35":[0,0]},"f":{"1":0,"2":1,"3":0,"4":0,"5":0,"6":0,"7":0,"8":0,"9":0,"10":0,"11":0,"12":0,"13":0,"14":0,"15":0,"16":0,"17":0,"18":0,"19":0,"20":0,"21":0,"22":0,"23":0,"24":0,"25":0},"fnMap":{"1":{"name":"(anonymous_3)","line":7,"loc":{"start":{"line":7,"column":32},"end":{"line":7,"column":50}}},"2":{"name":"(anonymous_4)","line":9,"loc":{"start":{"line":9,"column":19},"end":{"line":9,"column":31}}},"3":{"name":"defineProperties","line":9,"loc":{"start":{"line":9,"column":33},"end":{"line":9,"column":74}}},"4":{"name":"(anonymous_6)","line":9,"loc":{"start":{"line":9,"column":357},"end":{"line":9,"column":405}}},"5":{"name":"_interopRequireWildcard","line":43,"loc":{"start":{"line":43,"column":0},"end":{"line":43,"column":38}}},"6":{"name":"_interopRequireDefault","line":45,"loc":{"start":{"line":45,"column":0},"end":{"line":45,"column":37}}},"7":{"name":"_classCallCheck","line":47,"loc":{"start":{"line":47,"column":0},"end":{"line":47,"column":48}}},"8":{"name":"_possibleConstructorReturn","line":49,"loc":{"start":{"line":49,"column":0},"end":{"line":49,"column":48}}},"9":{"name":"_inherits","line":51,"loc":{"start":{"line":51,"column":0},"end":{"line":51,"column":41}}},"10":{"name":"(anonymous_12)","line":86,"loc":{"start":{"line":86,"column":18},"end":{"line":86,"column":40}}},"11":{"name":"GridMonitor","line":89,"loc":{"start":{"line":89,"column":2},"end":{"line":89,"column":25}}},"12":{"name":"(anonymous_14)","line":100,"loc":{"start":{"line":100,"column":291},"end":{"line":100,"column":303}}},"13":{"name":"(anonymous_15)","line":103,"loc":{"start":{"line":103,"column":36},"end":{"line":103,"column":48}}},"14":{"name":"(anonymous_16)","line":105,"loc":{"start":{"line":105,"column":27},"end":{"line":105,"column":39}}},"15":{"name":"(anonymous_17)","line":107,"loc":{"start":{"line":107,"column":28},"end":{"line":107,"column":40}}},"16":{"name":"(anonymous_18)","line":109,"loc":{"start":{"line":109,"column":34},"end":{"line":109,"column":48}}},"17":{"name":"(anonymous_19)","line":111,"loc":{"start":{"line":111,"column":27},"end":{"line":111,"column":39}}},"18":{"name":"(anonymous_20)","line":113,"loc":{"start":{"line":113,"column":24},"end":{"line":113,"column":36}}},"19":{"name":"scroll","line":131,"loc":{"start":{"line":131,"column":11},"end":{"line":131,"column":29}}},"20":{"name":"componentDidMount","line":146,"loc":{"start":{"line":146,"column":11},"end":{"line":146,"column":40}}},"21":{"name":"componentWillUnmount","line":162,"loc":{"start":{"line":162,"column":11},"end":{"line":162,"column":43}}},"22":{"name":"componentWillReceiveProps","line":170,"loc":{"start":{"line":170,"column":11},"end":{"line":170,"column":57}}},"23":{"name":"componentDidUpdate","line":187,"loc":{"start":{"line":187,"column":11},"end":{"line":187,"column":41}}},"24":{"name":"render","line":192,"loc":{"start":{"line":192,"column":11},"end":{"line":192,"column":29}}},"25":{"name":"select","line":279,"loc":{"start":{"line":279,"column":37},"end":{"line":279,"column":60}}}},"statementMap":{"1":{"start":{"line":7,"column":52},"end":{"line":7,"column":240}},"2":{"start":{"line":7,"column":97},"end":{"line":7,"column":124}},"3":{"start":{"line":7,"column":124},"end":{"line":7,"column":237}},"4":{"start":{"line":7,"column":150},"end":{"line":7,"column":235}},"5":{"start":{"line":9,"column":33},"end":{"line":9,"column":350}},"6":{"start":{"line":9,"column":76},"end":{"line":9,"column":347}},"7":{"start":{"line":9,"column":117},"end":{"line":9,"column":144}},"8":{"start":{"line":9,"column":144},"end":{"line":9,"column":200}},"9":{"start":{"line":9,"column":200},"end":{"line":9,"column":232}},"10":{"start":{"line":9,"column":232},"end":{"line":9,"column":287}},"11":{"start":{"line":9,"column":259},"end":{"line":9,"column":287}},"12":{"start":{"line":9,"column":407},"end":{"line":9,"column":476}},"13":{"start":{"line":9,"column":423},"end":{"line":9,"column":476}},"14":{"start":{"line":9,"column":476},"end":{"line":9,"column":537}},"15":{"start":{"line":9,"column":493},"end":{"line":9,"column":537}},"16":{"start":{"line":43,"column":0},"end":{"line":43,"column":269}},"17":{"start":{"line":43,"column":40},"end":{"line":43,"column":267}},"18":{"start":{"line":43,"column":90},"end":{"line":43,"column":107}},"19":{"start":{"line":43,"column":107},"end":{"line":43,"column":229}},"20":{"start":{"line":43,"column":126},"end":{"line":43,"column":226}},"21":{"start":{"line":43,"column":149},"end":{"line":43,"column":201}},"22":{"start":{"line":43,"column":229},"end":{"line":43,"column":251}},"23":{"start":{"line":45,"column":0},"end":{"line":45,"column":95}},"24":{"start":{"line":47,"column":0},"end":{"line":47,"column":153}},"25":{"start":{"line":47,"column":50},"end":{"line":47,"column":151}},"26":{"start":{"line":49,"column":0},"end":{"line":49,"column":240}},"27":{"start":{"line":49,"column":50},"end":{"line":49,"column":152}},"28":{"start":{"line":51,"column":0},"end":{"line":51,"column":494}},"29":{"start":{"line":51,"column":43},"end":{"line":51,"column":209}},"30":{"start":{"line":51,"column":209},"end":{"line":51,"column":374}},"31":{"start":{"line":51,"column":374},"end":{"line":51,"column":390}},"32":{"start":{"line":89,"column":2},"end":{"line":127,"column":3}},"33":{"start":{"line":96,"column":4},"end":{"line":98,"column":5}},"34":{"start":{"line":116,"column":6},"end":{"line":118,"column":7}},"35":{"start":{"line":120,"column":6},"end":{"line":122,"column":7}},"36":{"start":{"line":133,"column":6},"end":{"line":135,"column":7}},"37":{"start":{"line":136,"column":6},"end":{"line":142,"column":7}},"38":{"start":{"line":148,"column":6},"end":{"line":150,"column":7}},"39":{"start":{"line":152,"column":6},"end":{"line":158,"column":7}},"40":{"start":{"line":164,"column":6},"end":{"line":166,"column":7}},"41":{"start":{"line":172,"column":6},"end":{"line":183,"column":7}},"42":{"start":{"line":174,"column":13},"end":{"line":183,"column":7}}},"branchMap":{"1":{"line":7,"type":"binary-expr","locations":[{"start":{"line":7,"column":15},"end":{"line":7,"column":14}},{"start":{"line":7,"column":32},"end":{"line":7,"column":0}}]},"2":{"line":7,"type":"if","locations":[{"start":{"line":7,"column":150},"end":{"line":7,"column":153}},{"start":{"line":7,"column":150},"end":{"line":7,"column":153}}]},"3":{"line":9,"type":"binary-expr","locations":[{"start":{"line":9,"column":168},"end":{"line":9,"column":167}},{"start":{"line":9,"column":193},"end":{"line":9,"column":144}}]},"4":{"line":9,"type":"if","locations":[{"start":{"line":9,"column":232},"end":{"line":9,"column":231}},{"start":{"line":9,"column":232},"end":{"line":9,"column":231}}]},"5":{"line":9,"type":"if","locations":[{"start":{"line":9,"column":407},"end":{"line":9,"column":410}},{"start":{"line":9,"column":407},"end":{"line":9,"column":410}}]},"6":{"line":9,"type":"if","locations":[{"start":{"line":9,"column":476},"end":{"line":9,"column":475}},{"start":{"line":9,"column":476},"end":{"line":9,"column":475}}]},"7":{"line":43,"type":"if","locations":[{"start":{"line":43,"column":40},"end":{"line":43,"column":43}},{"start":{"line":43,"column":40},"end":{"line":43,"column":43}}]},"8":{"line":43,"type":"binary-expr","locations":[{"start":{"line":43,"column":44},"end":{"line":43,"column":50}},{"start":{"line":43,"column":51},"end":{"line":43,"column":40}}]},"9":{"line":43,"type":"if","locations":[{"start":{"line":43,"column":107},"end":{"line":43,"column":106}},{"start":{"line":43,"column":107},"end":{"line":43,"column":106}}]},"10":{"line":43,"type":"if","locations":[{"start":{"line":43,"column":149},"end":{"line":43,"column":152}},{"start":{"line":43,"column":149},"end":{"line":43,"column":152}}]},"11":{"line":45,"type":"cond-expr","locations":[{"start":{"line":45,"column":70},"end":{"line":45,"column":46}},{"start":{"line":45,"column":76},"end":{"line":45,"column":39}}]},"12":{"line":45,"type":"binary-expr","locations":[{"start":{"line":45,"column":46},"end":{"line":45,"column":52}},{"start":{"line":45,"column":53},"end":{"line":45,"column":46}}]},"13":{"line":47,"type":"if","locations":[{"start":{"line":47,"column":50},"end":{"line":47,"column":53}},{"start":{"line":47,"column":50},"end":{"line":47,"column":53}}]},"14":{"line":49,"type":"if","locations":[{"start":{"line":49,"column":50},"end":{"line":49,"column":53}},{"start":{"line":49,"column":50},"end":{"line":49,"column":53}}]},"15":{"line":49,"type":"cond-expr","locations":[{"start":{"line":49,"column":226},"end":{"line":49,"column":159}},{"start":{"line":49,"column":233},"end":{"line":49,"column":152}}]},"16":{"line":49,"type":"binary-expr","locations":[{"start":{"line":49,"column":159},"end":{"line":49,"column":167}},{"start":{"line":49,"column":168},"end":{"line":49,"column":167}},{"start":{"line":49,"column":196},"end":{"line":49,"column":159}}]},"17":{"line":49,"type":"cond-expr","locations":[{"start":{"line":49,"column":168},"end":{"line":49,"column":174}},{"start":{"line":49,"column":168},"end":{"line":49,"column":183}}]},"18":{"line":51,"type":"if","locations":[{"start":{"line":51,"column":43},"end":{"line":51,"column":46}},{"start":{"line":51,"column":43},"end":{"line":51,"column":46}}]},"19":{"line":51,"type":"binary-expr","locations":[{"start":{"line":51,"column":47},"end":{"line":51,"column":46}},{"start":{"line":51,"column":83},"end":{"line":51,"column":43}}]},"20":{"line":51,"type":"cond-expr","locations":[{"start":{"line":51,"column":126},"end":{"line":51,"column":193}},{"start":{"line":51,"column":126},"end":{"line":51,"column":111}}]},"21":{"line":51,"type":"binary-expr","locations":[{"start":{"line":51,"column":244},"end":{"line":51,"column":257}},{"start":{"line":51,"column":258},"end":{"line":51,"column":230}}]},"22":{"line":51,"type":"if","locations":[{"start":{"line":51,"column":374},"end":{"line":51,"column":373}},{"start":{"line":51,"column":374},"end":{"line":51,"column":373}}]},"23":{"line":51,"type":"cond-expr","locations":[{"start":{"line":51,"column":414},"end":{"line":51,"column":390}},{"start":{"line":51,"column":460},"end":{"line":51,"column":390}}]},"24":{"line":102,"type":"cond-expr","locations":[{"start":{"line":102,"column":64},"end":{"line":102,"column":57}},{"start":{"line":102,"column":81},"end":{"line":102,"column":27}}]},"25":{"line":116,"type":"if","locations":[{"start":{"line":116,"column":6},"end":{"line":116,"column":9}},{"start":{"line":116,"column":6},"end":{"line":116,"column":9}}]},"26":{"line":120,"type":"if","locations":[{"start":{"line":120,"column":6},"end":{"line":120,"column":9}},{"start":{"line":120,"column":6},"end":{"line":120,"column":9}}]},"27":{"line":133,"type":"if","locations":[{"start":{"line":133,"column":6},"end":{"line":133,"column":9}},{"start":{"line":133,"column":6},"end":{"line":133,"column":9}}]},"28":{"line":136,"type":"if","locations":[{"start":{"line":136,"column":6},"end":{"line":136,"column":9}},{"start":{"line":136,"column":6},"end":{"line":136,"column":9}}]},"29":{"line":148,"type":"if","locations":[{"start":{"line":148,"column":6},"end":{"line":148,"column":9}},{"start":{"line":148,"column":6},"end":{"line":148,"column":9}}]},"30":{"line":148,"type":"binary-expr","locations":[{"start":{"line":148,"column":10},"end":{"line":148,"column":9}},{"start":{"line":148,"column":19},"end":{"line":148,"column":6}}]},"31":{"line":152,"type":"if","locations":[{"start":{"line":152,"column":6},"end":{"line":152,"column":9}},{"start":{"line":152,"column":6},"end":{"line":152,"column":9}}]},"32":{"line":164,"type":"if","locations":[{"start":{"line":164,"column":6},"end":{"line":164,"column":9}},{"start":{"line":164,"column":6},"end":{"line":164,"column":9}}]},"33":{"line":164,"type":"binary-expr","locations":[{"start":{"line":164,"column":10},"end":{"line":164,"column":17}},{"start":{"line":164,"column":18},"end":{"line":164,"column":6}}]},"34":{"line":172,"type":"if","locations":[{"start":{"line":172,"column":6},"end":{"line":172,"column":9}},{"start":{"line":172,"column":6},"end":{"line":172,"column":9}}]},"35":{"line":174,"type":"if","locations":[{"start":{"line":174,"column":13},"end":{"line":174,"column":12}},{"start":{"line":174,"column":13},"end":{"line":174,"column":12}}]}}}}