{"C:\\Users\\ColeChamberlain\\noderaider\\gridiron\\packages\\try-defer\\lib\\index.js":{"path":"C:\\Users\\ColeChamberlain\\noderaider\\gridiron\\packages\\try-defer\\lib\\index.js","statementMap":{"1":{"start":{"line":3,"column":0},"end":{"line":null,"column":-1}},"2":{"start":{"line":7,"column":14},"end":{"line":7,"column":0}},"3":{"start":{"line":7,"column":101},"end":{"line":null,"column":-1}},"4":{"start":{"line":7,"column":141},"end":{"line":null,"column":-1}},"5":{"start":{"line":9,"column":0},"end":{"line":null,"column":-1}},"6":{"start":{"line":10,"column":0},"end":{"line":null,"column":-1}},"7":{"start":{"line":11,"column":0},"end":{"line":null,"column":-1}},"8":{"start":{"line":13,"column":27},"end":{"line":13,"column":0}},"9":{"start":{"line":15,"column":28},"end":{"line":15,"column":0}},"10":{"start":{"line":17,"column":39},"end":{"line":null,"column":-1}},"11":{"start":{"line":19,"column":35},"end":{"line":19,"column":193}},"12":{"start":{"line":19,"column":61},"end":{"line":19,"column":146}},"13":{"start":{"line":19,"column":126},"end":{"line":null,"column":-1}},"14":{"start":{"line":19,"column":146},"end":{"line":null,"column":-1}},"15":{"start":{"line":19,"column":168},"end":{"line":null,"column":-1}},"16":{"start":{"line":21,"column":10},"end":{"line":21,"column":0}},"17":{"start":{"line":24,"column":13},"end":{"line":24,"column":2}},"18":{"start":{"line":26,"column":21},"end":{"line":26,"column":2}},"19":{"start":{"line":27,"column":16},"end":{"line":27,"column":2}},"20":{"start":{"line":28,"column":16},"end":{"line":28,"column":2}},"21":{"start":{"line":30,"column":15},"end":{"line":30,"column":2}},"22":{"start":{"line":31,"column":16},"end":{"line":31,"column":2}},"23":{"start":{"line":32,"column":18},"end":{"line":32,"column":2}},"24":{"start":{"line":34,"column":16},"end":{"line":34,"column":2}},"25":{"start":{"line":37,"column":6},"end":{"line":39,"column":7}},"26":{"start":{"line":38,"column":8},"end":{"line":null,"column":-1}},"27":{"start":{"line":41,"column":6},"end":{"line":null,"column":-1}},"28":{"start":{"line":46,"column":6},"end":{"line":48,"column":7}},"29":{"start":{"line":47,"column":8},"end":{"line":null,"column":-1}},"30":{"start":{"line":50,"column":6},"end":{"line":null,"column":-1}},"31":{"start":{"line":55,"column":13},"end":{"line":55,"column":4}},"32":{"start":{"line":56,"column":15},"end":{"line":56,"column":4}},"33":{"start":{"line":58,"column":4},"end":{"line":58,"column":17}},"34":{"start":{"line":58,"column":17},"end":{"line":null,"column":-1}},"35":{"start":{"line":59,"column":4},"end":{"line":null,"column":-1}},"36":{"start":{"line":60,"column":4},"end":{"line":65,"column":5}},"37":{"start":{"line":61,"column":6},"end":{"line":61,"column":37}},"38":{"start":{"line":61,"column":37},"end":{"line":null,"column":-1}},"39":{"start":{"line":62,"column":6},"end":{"line":null,"column":-1}},"40":{"start":{"line":64,"column":6},"end":{"line":null,"column":-1}},"41":{"start":{"line":69,"column":4},"end":{"line":69,"column":17}},"42":{"start":{"line":69,"column":17},"end":{"line":null,"column":-1}},"43":{"start":{"line":70,"column":18},"end":{"line":70,"column":4}},"44":{"start":{"line":71,"column":4},"end":{"line":null,"column":-1}},"45":{"start":{"line":72,"column":4},"end":{"line":72,"column":13}},"46":{"start":{"line":72,"column":13},"end":{"line":null,"column":-1}},"47":{"start":{"line":73,"column":4},"end":{"line":null,"column":-1}},"48":{"start":{"line":80,"column":18},"end":{"line":80,"column":4}},"49":{"start":{"line":81,"column":4},"end":{"line":81,"column":17}},"50":{"start":{"line":81,"column":17},"end":{"line":null,"column":-1}},"51":{"start":{"line":82,"column":4},"end":{"line":null,"column":-1}},"52":{"start":{"line":86,"column":4},"end":{"line":86,"column":17}},"53":{"start":{"line":86,"column":17},"end":{"line":null,"column":-1}},"54":{"start":{"line":87,"column":16},"end":{"line":87,"column":4}},"55":{"start":{"line":88,"column":4},"end":{"line":null,"column":-1}},"56":{"start":{"line":89,"column":17},"end":{"line":89,"column":4}},"57":{"start":{"line":90,"column":4},"end":{"line":92,"column":5}},"58":{"start":{"line":91,"column":6},"end":{"line":null,"column":-1}},"59":{"start":{"line":93,"column":4},"end":{"line":null,"column":-1}},"60":{"start":{"line":97,"column":17},"end":{"line":97,"column":4}},"61":{"start":{"line":98,"column":21},"end":{"line":98,"column":4}},"62":{"start":{"line":99,"column":4},"end":{"line":99,"column":17}},"63":{"start":{"line":99,"column":17},"end":{"line":null,"column":-1}},"64":{"start":{"line":100,"column":4},"end":{"line":null,"column":-1}},"65":{"start":{"line":104,"column":4},"end":{"line":104,"column":17}},"66":{"start":{"line":104,"column":17},"end":{"line":null,"column":-1}},"67":{"start":{"line":105,"column":4},"end":{"line":109,"column":5}},"68":{"start":{"line":106,"column":6},"end":{"line":null,"column":-1}},"69":{"start":{"line":107,"column":8},"end":{"line":null,"column":-1}},"70":{"start":{"line":113,"column":4},"end":{"line":113,"column":17}},"71":{"start":{"line":113,"column":17},"end":{"line":null,"column":-1}},"72":{"start":{"line":114,"column":21},"end":{"line":114,"column":4}},"73":{"start":{"line":115,"column":4},"end":{"line":null,"column":-1}},"74":{"start":{"line":116,"column":6},"end":{"line":null,"column":-1}},"75":{"start":{"line":121,"column":2},"end":{"line":null,"column":-1}},"76":{"start":{"line":122,"column":4},"end":{"line":null,"column":-1}},"77":{"start":{"line":123,"column":6},"end":{"line":125,"column":7}},"78":{"start":{"line":124,"column":8},"end":{"line":null,"column":-1}},"79":{"start":{"line":127,"column":6},"end":{"line":null,"column":-1}},"80":{"start":{"line":134,"column":14},"end":{"line":134,"column":2}},"81":{"start":{"line":136,"column":16},"end":{"line":136,"column":2}},"82":{"start":{"line":138,"column":2},"end":{"line":null,"column":-1}},"83":{"start":{"line":139,"column":4},"end":{"line":139,"column":39}},"84":{"start":{"line":139,"column":39},"end":{"line":null,"column":-1}},"85":{"start":{"line":140,"column":4},"end":{"line":140,"column":41}},"86":{"start":{"line":140,"column":41},"end":{"line":null,"column":-1}},"87":{"start":{"line":141,"column":4},"end":{"line":null,"column":-1}},"88":{"start":{"line":147,"column":14},"end":{"line":147,"column":2}},"89":{"start":{"line":148,"column":15},"end":{"line":148,"column":2}},"90":{"start":{"line":150,"column":14},"end":{"line":150,"column":2}},"91":{"start":{"line":152,"column":16},"end":{"line":152,"column":2}},"92":{"start":{"line":154,"column":2},"end":{"line":null,"column":-1}},"93":{"start":{"line":155,"column":14},"end":{"line":155,"column":4}},"94":{"start":{"line":156,"column":4},"end":{"line":160,"column":5}},"95":{"start":{"line":157,"column":6},"end":{"line":159,"column":7}},"96":{"start":{"line":158,"column":8},"end":{"line":null,"column":-1}},"97":{"start":{"line":161,"column":4},"end":{"line":165,"column":5}},"98":{"start":{"line":162,"column":6},"end":{"line":164,"column":7}},"99":{"start":{"line":163,"column":8},"end":{"line":null,"column":-1}},"100":{"start":{"line":166,"column":4},"end":{"line":null,"column":-1}}},"fnMap":{"1":{"name":"(anonymous_3)","decl":{"start":{"line":7,"column":84},"end":{"line":7,"column":93}},"loc":{"start":{"line":7,"column":99},"end":{"line":7,"column":14}}},"2":{"name":"(anonymous_4)","decl":{"start":{"line":7,"column":124},"end":{"line":7,"column":133}},"loc":{"start":{"line":7,"column":139},"end":{"line":7,"column":0}}},"3":{"name":"_interopRequireDefault","decl":{"start":{"line":17,"column":9},"end":{"line":17,"column":0}},"loc":{"start":{"line":17,"column":37},"end":{"line":17,"column":95}}},"4":{"name":"_toConsumableArray","decl":{"start":{"line":19,"column":9},"end":{"line":19,"column":0}},"loc":{"start":{"line":19,"column":33},"end":{"line":19,"column":195}}},"5":{"name":"tryDefer","decl":{"start":{"line":23,"column":9},"end":{"line":23,"column":0}},"loc":{"start":{"line":23,"column":29},"end":{"line":130,"column":1}}},"6":{"name":"trace","decl":{"start":{"line":34,"column":34},"end":{"line":34,"column":25}},"loc":{"start":{"line":34,"column":42},"end":{"line":34,"column":16}}},"7":{"name":"error","decl":{"start":{"line":43,"column":20},"end":{"line":43,"column":11}},"loc":{"start":{"line":43,"column":28},"end":{"line":51,"column":5}}},"8":{"name":"_execute","decl":{"start":{"line":54,"column":11},"end":{"line":54,"column":2}},"loc":{"start":{"line":54,"column":27},"end":{"line":66,"column":3}}},"9":{"name":"_enqueue","decl":{"start":{"line":68,"column":11},"end":{"line":68,"column":2}},"loc":{"start":{"line":68,"column":35},"end":{"line":77,"column":3}}},"10":{"name":"status","decl":{"start":{"line":79,"column":11},"end":{"line":79,"column":2}},"loc":{"start":{"line":79,"column":20},"end":{"line":83,"column":3}}},"11":{"name":"replay","decl":{"start":{"line":85,"column":11},"end":{"line":85,"column":2}},"loc":{"start":{"line":85,"column":20},"end":{"line":94,"column":3}}},"12":{"name":"serialize","decl":{"start":{"line":96,"column":11},"end":{"line":96,"column":2}},"loc":{"start":{"line":96,"column":23},"end":{"line":101,"column":3}}},"13":{"name":"deserialize","decl":{"start":{"line":103,"column":11},"end":{"line":103,"column":2}},"loc":{"start":{"line":103,"column":25},"end":{"line":110,"column":3}}},"14":{"name":"(anonymous_16)","decl":{"start":{"line":106,"column":48},"end":{"line":106,"column":57}},"loc":{"start":{"line":106,"column":61},"end":{"line":106,"column":29}}},"15":{"name":"reactReplay","decl":{"start":{"line":112,"column":11},"end":{"line":112,"column":2}},"loc":{"start":{"line":112,"column":30},"end":{"line":118,"column":3}}},"16":{"name":"(anonymous_18)","decl":{"start":{"line":115,"column":11},"end":{"line":115,"column":20}},"loc":{"start":{"line":115,"column":28},"end":{"line":115,"column":4}}},"17":{"name":"(anonymous_19)","decl":{"start":{"line":121,"column":10},"end":{"line":121,"column":19}},"loc":{"start":{"line":121,"column":24},"end":{"line":121,"column":9}}},"18":{"name":"(anonymous_20)","decl":{"start":{"line":122,"column":11},"end":{"line":122,"column":22}},"loc":{"start":{"line":122,"column":23},"end":{"line":122,"column":4}}},"19":{"name":"browserDefer","decl":{"start":{"line":133,"column":9},"end":{"line":133,"column":0}},"loc":{"start":{"line":133,"column":24},"end":{"line":143,"column":1}}},"20":{"name":"condition","decl":{"start":{"line":138,"column":27},"end":{"line":138,"column":18}},"loc":{"start":{"line":138,"column":39},"end":{"line":138,"column":9}}},"21":{"name":"dateDefer","decl":{"start":{"line":146,"column":9},"end":{"line":146,"column":0}},"loc":{"start":{"line":146,"column":26},"end":{"line":168,"column":1}}},"22":{"name":"dateCondition","decl":{"start":{"line":154,"column":27},"end":{"line":154,"column":18}},"loc":{"start":{"line":154,"column":43},"end":{"line":154,"column":9}}}},"branchMap":{"1":{"loc":{"start":{"line":7,"column":84},"end":{"line":7,"column":14}},"type":"cond-expr","locations":[{"start":{"line":7,"column":84},"end":{"line":7,"column":14}},{"start":{"line":7,"column":124},"end":{"line":7,"column":0}}]},"2":{"loc":{"start":{"line":7,"column":14},"end":{"line":7,"column":13}},"type":"binary-expr","locations":[{"start":{"line":7,"column":14},"end":{"line":7,"column":13}},{"start":{"line":7,"column":46},"end":{"line":7,"column":14}}]},"3":{"loc":{"start":{"line":7,"column":101},"end":{"line":7,"column":114}},"type":"cond-expr","locations":[{"start":{"line":7,"column":101},"end":{"line":7,"column":114}},{"start":{"line":7,"column":101},"end":{"line":null,"column":-1}}]},"4":{"loc":{"start":{"line":7,"column":216},"end":{"line":7,"column":148}},"type":"cond-expr","locations":[{"start":{"line":7,"column":216},"end":{"line":7,"column":148}},{"start":{"line":7,"column":148},"end":{"line":7,"column":141}}]},"5":{"loc":{"start":{"line":7,"column":148},"end":{"line":7,"column":154}},"type":"binary-expr","locations":[{"start":{"line":7,"column":148},"end":{"line":7,"column":154}},{"start":{"line":7,"column":155},"end":{"line":7,"column":148}},{"start":{"line":7,"column":187},"end":{"line":7,"column":148}}]},"6":{"loc":{"start":{"line":7,"column":148},"end":{"line":7,"column":233}},"type":"cond-expr","locations":[{"start":{"line":7,"column":148},"end":{"line":7,"column":233}},{"start":{"line":7,"column":148},"end":{"line":7,"column":141}}]},"7":{"loc":{"start":{"line":17,"column":70},"end":{"line":17,"column":46}},"type":"cond-expr","locations":[{"start":{"line":17,"column":70},"end":{"line":17,"column":46}},{"start":{"line":17,"column":76},"end":{"line":17,"column":39}}]},"8":{"loc":{"start":{"line":17,"column":46},"end":{"line":17,"column":52}},"type":"binary-expr","locations":[{"start":{"line":17,"column":46},"end":{"line":17,"column":52}},{"start":{"line":17,"column":53},"end":{"line":17,"column":46}}]},"9":{"loc":{"start":{"line":19,"column":59},"end":{"line":19,"column":35}},"type":"if","locations":[{"start":{"line":19,"column":59},"end":{"line":19,"column":35}},{"start":{"line":19,"column":166},"end":{"line":19,"column":193}}]},"10":{"loc":{"start":{"line":24,"column":67},"end":{"line":24,"column":13}},"type":"cond-expr","locations":[{"start":{"line":24,"column":67},"end":{"line":24,"column":13}},{"start":{"line":24,"column":72},"end":{"line":24,"column":2}}]},"11":{"loc":{"start":{"line":24,"column":13},"end":{"line":24,"column":12}},"type":"binary-expr","locations":[{"start":{"line":24,"column":13},"end":{"line":24,"column":12}},{"start":{"line":24,"column":38},"end":{"line":24,"column":13}}]},"12":{"loc":{"start":{"line":27,"column":45},"end":{"line":27,"column":16}},"type":"cond-expr","locations":[{"start":{"line":27,"column":45},"end":{"line":27,"column":16}},{"start":{"line":27,"column":53},"end":{"line":27,"column":2}}]},"13":{"loc":{"start":{"line":30,"column":25},"end":{"line":30,"column":15}},"type":"cond-expr","locations":[{"start":{"line":30,"column":25},"end":{"line":30,"column":15}},{"start":{"line":30,"column":42},"end":{"line":30,"column":2}}]},"14":{"loc":{"start":{"line":31,"column":26},"end":{"line":31,"column":16}},"type":"cond-expr","locations":[{"start":{"line":31,"column":26},"end":{"line":31,"column":16}},{"start":{"line":31,"column":44},"end":{"line":31,"column":2}}]},"15":{"loc":{"start":{"line":32,"column":28},"end":{"line":32,"column":18}},"type":"cond-expr","locations":[{"start":{"line":32,"column":28},"end":{"line":32,"column":18}},{"start":{"line":32,"column":48},"end":{"line":32,"column":2}}]},"16":{"loc":{"start":{"line":58,"column":17},"end":{"line":null,"column":-1}},"type":"if","locations":[{"start":{"line":58,"column":17},"end":{"line":null,"column":-1}},{"start":{"line":1,"column":0},"end":{"line":1,"column":-1}}]},"17":{"loc":{"start":{"line":61,"column":37},"end":{"line":null,"column":-1}},"type":"if","locations":[{"start":{"line":61,"column":37},"end":{"line":null,"column":-1}},{"start":{"line":1,"column":0},"end":{"line":1,"column":-1}}]},"18":{"loc":{"start":{"line":61,"column":10},"end":{"line":61,"column":9}},"type":"binary-expr","locations":[{"start":{"line":61,"column":10},"end":{"line":61,"column":9}},{"start":{"line":61,"column":24},"end":{"line":61,"column":6}}]},"19":{"loc":{"start":{"line":69,"column":17},"end":{"line":null,"column":-1}},"type":"if","locations":[{"start":{"line":69,"column":17},"end":{"line":null,"column":-1}},{"start":{"line":1,"column":0},"end":{"line":1,"column":-1}}]},"20":{"loc":{"start":{"line":72,"column":13},"end":{"line":null,"column":-1}},"type":"if","locations":[{"start":{"line":72,"column":13},"end":{"line":null,"column":-1}},{"start":{"line":1,"column":0},"end":{"line":1,"column":-1}}]},"21":{"loc":{"start":{"line":81,"column":17},"end":{"line":null,"column":-1}},"type":"if","locations":[{"start":{"line":81,"column":17},"end":{"line":null,"column":-1}},{"start":{"line":1,"column":0},"end":{"line":1,"column":-1}}]},"22":{"loc":{"start":{"line":86,"column":17},"end":{"line":null,"column":-1}},"type":"if","locations":[{"start":{"line":86,"column":17},"end":{"line":null,"column":-1}},{"start":{"line":1,"column":0},"end":{"line":1,"column":-1}}]},"23":{"loc":{"start":{"line":99,"column":17},"end":{"line":null,"column":-1}},"type":"if","locations":[{"start":{"line":99,"column":17},"end":{"line":null,"column":-1}},{"start":{"line":1,"column":0},"end":{"line":1,"column":-1}}]},"24":{"loc":{"start":{"line":104,"column":17},"end":{"line":null,"column":-1}},"type":"if","locations":[{"start":{"line":104,"column":17},"end":{"line":null,"column":-1}},{"start":{"line":1,"column":0},"end":{"line":1,"column":-1}}]},"25":{"loc":{"start":{"line":105,"column":24},"end":{"line":109,"column":5}},"type":"if","locations":[{"start":{"line":105,"column":24},"end":{"line":109,"column":5}},{"start":{"line":1,"column":0},"end":{"line":1,"column":-1}}]},"26":{"loc":{"start":{"line":113,"column":17},"end":{"line":null,"column":-1}},"type":"if","locations":[{"start":{"line":113,"column":17},"end":{"line":null,"column":-1}},{"start":{"line":1,"column":0},"end":{"line":1,"column":-1}}]},"27":{"loc":{"start":{"line":113,"column":97},"end":{"line":113,"column":66}},"type":"cond-expr","locations":[{"start":{"line":113,"column":97},"end":{"line":113,"column":66}},{"start":{"line":113,"column":111},"end":{"line":113,"column":53}}]},"28":{"loc":{"start":{"line":134,"column":68},"end":{"line":134,"column":14}},"type":"cond-expr","locations":[{"start":{"line":134,"column":68},"end":{"line":134,"column":14}},{"start":{"line":134,"column":73},"end":{"line":134,"column":2}}]},"29":{"loc":{"start":{"line":134,"column":14},"end":{"line":134,"column":13}},"type":"binary-expr","locations":[{"start":{"line":134,"column":14},"end":{"line":134,"column":13}},{"start":{"line":134,"column":39},"end":{"line":134,"column":14}}]},"30":{"loc":{"start":{"line":139,"column":39},"end":{"line":null,"column":-1}},"type":"if","locations":[{"start":{"line":139,"column":39},"end":{"line":null,"column":-1}},{"start":{"line":1,"column":0},"end":{"line":1,"column":-1}}]},"31":{"loc":{"start":{"line":140,"column":41},"end":{"line":null,"column":-1}},"type":"if","locations":[{"start":{"line":140,"column":41},"end":{"line":null,"column":-1}},{"start":{"line":1,"column":0},"end":{"line":1,"column":-1}}]},"32":{"loc":{"start":{"line":150,"column":68},"end":{"line":150,"column":14}},"type":"cond-expr","locations":[{"start":{"line":150,"column":68},"end":{"line":150,"column":14}},{"start":{"line":150,"column":73},"end":{"line":150,"column":2}}]},"33":{"loc":{"start":{"line":150,"column":14},"end":{"line":150,"column":13}},"type":"binary-expr","locations":[{"start":{"line":150,"column":14},"end":{"line":150,"column":13}},{"start":{"line":150,"column":39},"end":{"line":150,"column":14}}]},"34":{"loc":{"start":{"line":156,"column":15},"end":{"line":160,"column":5}},"type":"if","locations":[{"start":{"line":156,"column":15},"end":{"line":160,"column":5}},{"start":{"line":1,"column":0},"end":{"line":1,"column":-1}}]},"35":{"loc":{"start":{"line":157,"column":66},"end":{"line":159,"column":7}},"type":"if","locations":[{"start":{"line":157,"column":66},"end":{"line":159,"column":7}},{"start":{"line":1,"column":0},"end":{"line":1,"column":-1}}]},"36":{"loc":{"start":{"line":157,"column":48},"end":{"line":157,"column":18}},"type":"cond-expr","locations":[{"start":{"line":157,"column":48},"end":{"line":157,"column":18}},{"start":{"line":157,"column":58},"end":{"line":157,"column":10}}]},"37":{"loc":{"start":{"line":161,"column":16},"end":{"line":165,"column":5}},"type":"if","locations":[{"start":{"line":161,"column":16},"end":{"line":165,"column":5}},{"start":{"line":1,"column":0},"end":{"line":1,"column":-1}}]},"38":{"loc":{"start":{"line":162,"column":69},"end":{"line":164,"column":7}},"type":"if","locations":[{"start":{"line":162,"column":69},"end":{"line":164,"column":7}},{"start":{"line":1,"column":0},"end":{"line":1,"column":-1}}]},"39":{"loc":{"start":{"line":162,"column":49},"end":{"line":162,"column":18}},"type":"cond-expr","locations":[{"start":{"line":162,"column":49},"end":{"line":162,"column":18}},{"start":{"line":162,"column":60},"end":{"line":162,"column":10}}]}},"s":{"1":1,"2":1,"3":0,"4":0,"5":1,"6":1,"7":1,"8":1,"9":1,"10":1,"11":4,"12":4,"13":0,"14":4,"15":0,"16":1,"17":21,"18":21,"19":21,"20":21,"21":21,"22":21,"23":21,"24":21,"25":0,"26":0,"27":0,"28":0,"29":0,"30":0,"31":7,"32":7,"33":7,"34":0,"35":7,"36":7,"37":7,"38":4,"39":3,"40":4,"41":7,"42":0,"43":7,"44":7,"45":7,"46":4,"47":7,"48":0,"49":0,"50":0,"51":0,"52":0,"53":0,"54":0,"55":0,"56":0,"57":0,"58":0,"59":0,"60":1,"61":1,"62":1,"63":0,"64":1,"65":0,"66":0,"67":0,"68":0,"69":0,"70":0,"71":0,"72":0,"73":0,"74":0,"75":21,"76":3,"77":7,"78":0,"79":7,"80":9,"81":9,"82":9,"83":0,"84":0,"85":0,"86":0,"87":0,"88":0,"89":0,"90":0,"91":0,"92":0,"93":0,"94":0,"95":0,"96":0,"97":0,"98":0,"99":0,"100":0},"f":{"1":0,"2":0,"3":1,"4":4,"5":21,"6":0,"7":0,"8":7,"9":7,"10":0,"11":0,"12":1,"13":0,"14":0,"15":0,"16":0,"17":3,"18":7,"19":9,"20":0,"21":0,"22":0},"b":{"1":[1,0],"2":[1,1],"3":[0,0],"4":[0,0],"5":[0,0,0],"6":[0,0],"7":[0,1],"8":[1,1],"9":[4,0],"10":[12,9],"11":[21,9],"12":[21,0],"13":[0,21],"14":[0,21],"15":[0,21],"16":[0,7],"17":[4,3],"18":[7,3],"19":[0,7],"20":[4,3],"21":[0,0],"22":[0,0],"23":[0,1],"24":[0,0],"25":[0,0],"26":[0,0],"27":[0,0],"28":[9,0],"29":[9,0],"30":[0,0],"31":[0,0],"32":[0,0],"33":[0,0],"34":[0,0],"35":[0,0],"36":[0,0],"37":[0,0],"38":[0,0],"39":[0,0]}}}